# JRE version: OpenJDK Runtime Environment (22.0.1+8) (build 22.0.1+8-16)
# Java VM: OpenJDK 64-Bit Server VM (22.0.1+8-16, mixed mode, emulated-client, sharing, tiered, compressed oops, compressed class ptrs, g1 gc, bsd-aarch64)
GC Precious Log:
 CardTable entry size: 512
 Card Set container configuration: InlinePtr #cards 4 size 8 Array Of Cards #cards 32 size 80 Howl #buckets 8 coarsen threshold 7372 Howl Bitmap #cards 1024 size 144 coarsen threshold 921 Card regions per heap region 1 cards per card region 8192
 CPUs: 12 total, 12 available
 Memory: 32768M
 Large Page Support: Disabled
 NUMA Support: Disabled
 Compressed Oops: Enabled (Zero based)
 Heap Region Size: 4M
 Heap Min Capacity: 8M
 Heap Initial Capacity: 512M
 Heap Max Capacity: 8G
 Pre-touch: Disabled
 Parallel Workers: 10
 Concurrent Workers: 3
 Concurrent Refinement Workers: 10
 Periodic GC: Disabled
Heap:
 garbage-first heap   total reserved 8388608K, committed 319488K, used 119855K [0x0000000600000000, 0x0000000800000000)
  region size 4096K, 20 young (81920K), 2 survivors (8192K)
 Metaspace       used 95717K, committed 96704K, reserved 1179648K
  class space    used 14171K, committed 14592K, reserved 1048576K
GC Heap History (20 events):
Event: 6.338 GC heap before
{Heap before GC invocations=7 (full 0):
 garbage-first heap   total reserved 8388608K, committed 303104K, used 38926K [0x0000000600000000, 0x0000000800000000)
  region size 4096K, 6 young (24576K), 2 survivors (8192K)
 Metaspace       used 35764K, committed 36160K, reserved 1114112K
  class space    used 4896K, committed 5056K, reserved 1048576K
}
Event: 6.340 GC heap after
{Heap after GC invocations=8 (full 0):
 garbage-first heap   total reserved 8388608K, committed 303104K, used 27738K [0x0000000600000000, 0x0000000800000000)
  region size 4096K, 2 young (8192K), 2 survivors (8192K)
 Metaspace       used 35764K, committed 36160K, reserved 1114112K
  class space    used 4896K, committed 5056K, reserved 1048576K
}
Event: 6.724 GC heap before
{Heap before GC invocations=9 (full 0):
 garbage-first heap   total reserved 8388608K, committed 110592K, used 85082K [0x0000000600000000, 0x0000000800000000)
  region size 4096K, 16 young (65536K), 2 survivors (8192K)
 Metaspace       used 47020K, committed 47552K, reserved 1114112K
  class space    used 6553K, committed 6784K, reserved 1048576K
}
Event: 6.726 GC heap after
{Heap after GC invocations=10 (full 0):
 garbage-first heap   total reserved 8388608K, committed 110592K, used 32241K [0x0000000600000000, 0x0000000800000000)
  region size 4096K, 2 young (8192K), 2 survivors (8192K)
 Metaspace       used 47020K, committed 47552K, reserved 1114112K
  class space    used 6553K, committed 6784K, reserved 1048576K
}
Event: 7.154 GC heap before
{Heap before GC invocations=10 (full 0):
 garbage-first heap   total reserved 8388608K, committed 110592K, used 85489K [0x0000000600000000, 0x0000000800000000)
  region size 4096K, 15 young (61440K), 2 survivors (8192K)
 Metaspace       used 59080K, committed 59648K, reserved 1114112K
  class space    used 8280K, committed 8512K, reserved 1048576K
}
Event: 7.156 GC heap after
{Heap after GC invocations=11 (full 0):
 garbage-first heap   total reserved 8388608K, committed 110592K, used 35184K [0x0000000600000000, 0x0000000800000000)
  region size 4096K, 2 young (8192K), 2 survivors (8192K)
 Metaspace       used 59080K, committed 59648K, reserved 1114112K
  class space    used 8280K, committed 8512K, reserved 1048576K
}
Event: 7.170 GC heap before
{Heap before GC invocations=11 (full 0):
 garbage-first heap   total reserved 8388608K, committed 110592K, used 35184K [0x0000000600000000, 0x0000000800000000)
  region size 4096K, 3 young (12288K), 2 survivors (8192K)
 Metaspace       used 59917K, committed 60480K, reserved 1114112K
  class space    used 8340K, committed 8576K, reserved 1048576K
}
Event: 7.172 GC heap after
{Heap after GC invocations=12 (full 0):
 garbage-first heap   total reserved 8388608K, committed 110592K, used 35664K [0x0000000600000000, 0x0000000800000000)
  region size 4096K, 1 young (4096K), 1 survivors (4096K)
 Metaspace       used 59917K, committed 60480K, reserved 1114112K
  class space    used 8340K, committed 8576K, reserved 1048576K
}
Event: 7.596 GC heap before
{Heap before GC invocations=13 (full 0):
 garbage-first heap   total reserved 8388608K, committed 110592K, used 93008K [0x0000000600000000, 0x0000000800000000)
  region size 4096K, 15 young (61440K), 1 survivors (4096K)
 Metaspace       used 70521K, committed 71232K, reserved 1114112K
  class space    used 10130K, committed 10432K, reserved 1048576K
}
Event: 7.598 GC heap after
{Heap after GC invocations=14 (full 0):
 garbage-first heap   total reserved 8388608K, committed 110592K, used 38992K [0x0000000600000000, 0x0000000800000000)
  region size 4096K, 2 young (8192K), 2 survivors (8192K)
 Metaspace       used 70521K, committed 71232K, reserved 1114112K
  class space    used 10130K, committed 10432K, reserved 1048576K
}
Event: 7.907 GC heap before
{Heap before GC invocations=14 (full 0):
 garbage-first heap   total reserved 8388608K, committed 110592K, used 92240K [0x0000000600000000, 0x0000000800000000)
  region size 4096K, 15 young (61440K), 2 survivors (8192K)
 Metaspace       used 78165K, committed 78912K, reserved 1179648K
  class space    used 11347K, committed 11648K, reserved 1048576K
}
Event: 7.910 GC heap after
{Heap after GC invocations=15 (full 0):
 garbage-first heap   total reserved 8388608K, committed 110592K, used 43008K [0x0000000600000000, 0x0000000800000000)
  region size 4096K, 2 young (8192K), 2 survivors (8192K)
 Metaspace       used 78165K, committed 78912K, reserved 1179648K
  class space    used 11347K, committed 11648K, reserved 1048576K
}
Event: 8.076 GC heap before
{Heap before GC invocations=15 (full 0):
 garbage-first heap   total reserved 8388608K, committed 110592K, used 92160K [0x0000000600000000, 0x0000000800000000)
  region size 4096K, 14 young (57344K), 2 survivors (8192K)
 Metaspace       used 80893K, committed 81664K, reserved 1179648K
  class space    used 11938K, committed 12288K, reserved 1048576K
}
Event: 8.079 GC heap after
{Heap after GC invocations=16 (full 0):
 garbage-first heap   total reserved 8388608K, committed 110592K, used 45499K [0x0000000600000000, 0x0000000800000000)
  region size 4096K, 2 young (8192K), 2 survivors (8192K)
 Metaspace       used 80893K, committed 81664K, reserved 1179648K
  class space    used 11938K, committed 12288K, reserved 1048576K
}
Event: 8.311 GC heap before
{Heap before GC invocations=16 (full 0):
 garbage-first heap   total reserved 8388608K, committed 110592K, used 86459K [0x0000000600000000, 0x0000000800000000)
  region size 4096K, 13 young (53248K), 2 survivors (8192K)
 Metaspace       used 87115K, committed 87936K, reserved 1179648K
  class space    used 12785K, committed 13120K, reserved 1048576K
}
Event: 8.314 GC heap after
{Heap after GC invocations=17 (full 0):
 garbage-first heap   total reserved 8388608K, committed 110592K, used 49360K [0x0000000600000000, 0x0000000800000000)
  region size 4096K, 2 young (8192K), 2 survivors (8192K)
 Metaspace       used 87115K, committed 87936K, reserved 1179648K
  class space    used 12785K, committed 13120K, reserved 1048576K
}
Event: 8.366 GC heap before
{Heap before GC invocations=18 (full 0):
 garbage-first heap   total reserved 8388608K, committed 110592K, used 90320K [0x0000000600000000, 0x0000000800000000)
  region size 4096K, 12 young (49152K), 2 survivors (8192K)
 Metaspace       used 87117K, committed 87936K, reserved 1179648K
  class space    used 12785K, committed 13120K, reserved 1048576K
}
Event: 8.368 GC heap after
{Heap after GC invocations=19 (full 0):
 garbage-first heap   total reserved 8388608K, committed 110592K, used 49200K [0x0000000600000000, 0x0000000800000000)
  region size 4096K, 1 young (4096K), 1 survivors (4096K)
 Metaspace       used 87117K, committed 87936K, reserved 1179648K
  class space    used 12785K, committed 13120K, reserved 1048576K
}
Event: 8.580 GC heap before
{Heap before GC invocations=19 (full 0):
 garbage-first heap   total reserved 8388608K, committed 110592K, used 94256K [0x0000000600000000, 0x0000000800000000)
  region size 4096K, 12 young (49152K), 1 survivors (4096K)
 Metaspace       used 89246K, committed 90048K, reserved 1179648K
  class space    used 13167K, committed 13504K, reserved 1048576K
}
Event: 8.584 GC heap after
{Heap after GC invocations=20 (full 0):
 garbage-first heap   total reserved 8388608K, committed 319488K, used 50223K [0x0000000600000000, 0x0000000800000000)
  region size 4096K, 2 young (8192K), 2 survivors (8192K)
 Metaspace       used 89246K, committed 90048K, reserved 1179648K
  class space    used 13167K, committed 13504K, reserved 1048576K
}

